python examples/examples/analytic_diffusion.py --plot --nstencil 3 --k 0.1 --geom f --savefig _generated/analytic_diffusion.png
python examples/examples/steady_state_approx.py --plot --savefig _generated/steady_state_approx.png
python examples/examples/steady_state_approx.py --plot --savefig _generated/steady_state_approx.html
python examples/examples/aqueous_radiolysis.py --doserate 25 --plot --savefig _generated/aqueous_radiolysis.png
python examples/examples/analytic_N_scaling.py --nNs 6 --plot --savefig _generated/analytic_N_scaling.png
Flat 3 0.0
8: {u'neval_f': 76, u'lband': 1, u'uband': 1, u'success': True, u'integrator_name': u'vode', u'neval_j': 1, u'with_jacobian': True, u'texec': 0.0019011497497558594, u'rtol': 1e-10, u'atol': 1e-08, u't0_set': False, u'method': u'bdf'}
16: {u'neval_f': 80, u'lband': 1, u'uband': 1, u'success': True, u'integrator_name': u'vode', u'neval_j': 1, u'with_jacobian': True, u'texec': 0.0020449161529541016, u'rtol': 1e-10, u'atol': 1e-08, u't0_set': False, u'method': u'bdf'}
32: {u'neval_f': 84, u'lband': 1, u'uband': 1, u'success': True, u'integrator_name': u'vode', u'neval_j': 2, u'with_jacobian': True, u'texec': 0.002660989761352539, u'rtol': 1e-10, u'atol': 1e-08, u't0_set': False, u'method': u'bdf'}
64: {u'neval_f': 80, u'lband': 1, u'uband': 1, u'success': True, u'integrator_name': u'vode', u'neval_j': 2, u'with_jacobian': True, u'texec': 0.0034749507904052734, u'rtol': 1e-10, u'atol': 1e-08, u't0_set': False, u'method': u'bdf'}
128: {u'neval_f': 80, u'lband': 1, u'uband': 1, u'success': True, u'integrator_name': u'vode', u'neval_j': 2, u'with_jacobian': True, u'texec': 0.00539708137512207, u'rtol': 1e-10, u'atol': 1e-08, u't0_set': False, u'method': u'bdf'}
256: {u'neval_f': 80, u'lband': 1, u'uband': 1, u'success': True, u'integrator_name': u'vode', u'neval_j': 2, u'with_jacobian': True, u'texec': 0.008913993835449219, u'rtol': 1e-10, u'atol': 1e-08, u't0_set': False, u'method': u'bdf'}
Flat 5 0.0
8: {u'neval_f': 78, u'lband': 1, u'uband': 1, u'success': True, u'integrator_name': u'vode', u'neval_j': 1, u'with_jacobian': True, u'texec': 0.0018069744110107422, u'rtol': 1e-10, u'atol': 1e-08, u't0_set': False, u'method': u'bdf'}
16: {u'neval_f': 84, u'lband': 1, u'uband': 1, u'success': True, u'integrator_name': u'vode', u'neval_j': 2, u'with_jacobian': True, u'texec': 0.0022008419036865234, u'rtol': 1e-10, u'atol': 1e-08, u't0_set': False, u'method': u'bdf'}
32: {u'neval_f': 80, u'lband': 1, u'uband': 1, u'success': True, u'integrator_name': u'vode', u'neval_j': 2, u'with_jacobian': True, u'texec': 0.0026769638061523438, u'rtol': 1e-10, u'atol': 1e-08, u't0_set': False, u'method': u'bdf'}
64: {u'neval_f': 88, u'lband': 1, u'uband': 1, u'success': True, u'integrator_name': u'vode', u'neval_j': 2, u'with_jacobian': True, u'texec': 0.003981828689575195, u'rtol': 1e-10, u'atol': 1e-08, u't0_set': False, u'method': u'bdf'}
128: {u'neval_f': 96, u'lband': 1, u'uband': 1, u'success': True, u'integrator_name': u'vode', u'neval_j': 2, u'with_jacobian': True, u'texec': 0.0065250396728515625, u'rtol': 1e-10, u'atol': 1e-08, u't0_set': False, u'method': u'bdf'}
256: {u'neval_f': 479, u'lband': 1, u'uband': 1, u'success': True, u'integrator_name': u'vode', u'neval_j': 8, u'with_jacobian': True, u'texec': 0.04961109161376953, u'rtol': 1e-10, u'atol': 1e-08, u't0_set': False, u'method': u'bdf'}
Flat 7 0.0
8: {u'neval_f': 79, u'lband': 1, u'uband': 1, u'success': True, u'integrator_name': u'vode', u'neval_j': 1, u'with_jacobian': True, u'texec': 0.0016901493072509766, u'rtol': 1e-10, u'atol': 1e-08, u't0_set': False, u'method': u'bdf'}
16: {u'neval_f': 78, u'lband': 1, u'uband': 1, u'success': True, u'integrator_name': u'vode', u'neval_j': 2, u'with_jacobian': True, u'texec': 0.002084970474243164, u'rtol': 1e-10, u'atol': 1e-08, u't0_set': False, u'method': u'bdf'}
32: {u'neval_f': 80, u'lband': 1, u'uband': 1, u'success': True, u'integrator_name': u'vode', u'neval_j': 2, u'with_jacobian': True, u'texec': 0.002978086471557617, u'rtol': 1e-10, u'atol': 1e-08, u't0_set': False, u'method': u'bdf'}
64: {u'neval_f': 86, u'lband': 1, u'uband': 1, u'success': True, u'integrator_name': u'vode', u'neval_j': 2, u'with_jacobian': True, u'texec': 0.003907918930053711, u'rtol': 1e-10, u'atol': 1e-08, u't0_set': False, u'method': u'bdf'}
128: {u'neval_f': 134, u'lband': 1, u'uband': 1, u'success': True, u'integrator_name': u'vode', u'neval_j': 2, u'with_jacobian': True, u'texec': 0.009426116943359375, u'rtol': 1e-10, u'atol': 1e-08, u't0_set': False, u'method': u'bdf'}
256: {u'neval_f': 546, u'lband': 1, u'uband': 1, u'success': True, u'integrator_name': u'vode', u'neval_j': 61, u'with_jacobian': True, u'texec': 0.08022093772888184, u'rtol': 1e-10, u'atol': 1e-08, u't0_set': False, u'method': u'bdf'}
Flat 3 0.1
8: {u'neval_f': 76, u'lband': 2, u'uband': 2, u'success': True, u'integrator_name': u'vode', u'neval_j': 1, u'with_jacobian': True, u'texec': 0.0046977996826171875, u'rtol': 1e-10, u'atol': 1e-08, u't0_set': False, u'method': u'bdf'}
16: {u'neval_f': 79, u'lband': 2, u'uband': 2, u'success': True, u'integrator_name': u'vode', u'neval_j': 2, u'with_jacobian': True, u'texec': 0.0029959678649902344, u'rtol': 1e-10, u'atol': 1e-08, u't0_set': False, u'method': u'bdf'}
32: {u'neval_f': 76, u'lband': 2, u'uband': 2, u'success': True, u'integrator_name': u'vode', u'neval_j': 2, u'with_jacobian': True, u'texec': 0.004136085510253906, u'rtol': 1e-10, u'atol': 1e-08, u't0_set': False, u'method': u'bdf'}
64: {u'neval_f': 77, u'lband': 2, u'uband': 2, u'success': True, u'integrator_name': u'vode', u'neval_j': 2, u'with_jacobian': True, u'texec': 0.006906032562255859, u'rtol': 1e-10, u'atol': 1e-08, u't0_set': False, u'method': u'bdf'}
128: {u'neval_f': 78, u'lband': 2, u'uband': 2, u'success': True, u'integrator_name': u'vode', u'neval_j': 2, u'with_jacobian': True, u'texec': 0.011713027954101562, u'rtol': 1e-10, u'atol': 1e-08, u't0_set': False, u'method': u'bdf'}
256: {u'neval_f': 78, u'lband': 2, u'uband': 2, u'success': True, u'integrator_name': u'vode', u'neval_j': 2, u'with_jacobian': True, u'texec': 0.022274017333984375, u'rtol': 1e-10, u'atol': 1e-08, u't0_set': False, u'method': u'bdf'}
Flat 5 0.1
8: {u'neval_f': 67, u'lband': 2, u'uband': 2, u'success': True, u'integrator_name': u'vode', u'neval_j': 2, u'with_jacobian': True, u'texec': 0.0023109912872314453, u'rtol': 1e-10, u'atol': 1e-08, u't0_set': False, u'method': u'bdf'}
16: {u'neval_f': 75, u'lband': 2, u'uband': 2, u'success': True, u'integrator_name': u'vode', u'neval_j': 2, u'with_jacobian': True, u'texec': 0.0030629634857177734, u'rtol': 1e-10, u'atol': 1e-08, u't0_set': False, u'method': u'bdf'}
32: {u'neval_f': 77, u'lband': 2, u'uband': 2, u'success': True, u'integrator_name': u'vode', u'neval_j': 2, u'with_jacobian': True, u'texec': 0.0044820308685302734, u'rtol': 1e-10, u'atol': 1e-08, u't0_set': False, u'method': u'bdf'}
64: {u'neval_f': 82, u'lband': 2, u'uband': 2, u'success': True, u'integrator_name': u'vode', u'neval_j': 2, u'with_jacobian': True, u'texec': 0.007768869400024414, u'rtol': 1e-10, u'atol': 1e-08, u't0_set': False, u'method': u'bdf'}
128: {u'neval_f': 97, u'lband': 2, u'uband': 2, u'success': True, u'integrator_name': u'vode', u'neval_j': 2, u'with_jacobian': True, u'texec': 0.015035152435302734, u'rtol': 1e-10, u'atol': 1e-08, u't0_set': False, u'method': u'bdf'}
256: {u'neval_f': 250, u'lband': 2, u'uband': 2, u'success': True, u'integrator_name': u'vode', u'neval_j': 5, u'with_jacobian': True, u'texec': 0.06332111358642578, u'rtol': 1e-10, u'atol': 1e-08, u't0_set': False, u'method': u'bdf'}
Flat 7 0.1
8: {u'neval_f': 69, u'lband': 2, u'uband': 2, u'success': True, u'integrator_name': u'vode', u'neval_j': 2, u'with_jacobian': True, u'texec': 0.002368927001953125, u'rtol': 1e-10, u'atol': 1e-08, u't0_set': False, u'method': u'bdf'}
16: {u'neval_f': 76, u'lband': 2, u'uband': 2, u'success': True, u'integrator_name': u'vode', u'neval_j': 2, u'with_jacobian': True, u'texec': 0.0031969547271728516, u'rtol': 1e-10, u'atol': 1e-08, u't0_set': False, u'method': u'bdf'}
32: {u'neval_f': 78, u'lband': 2, u'uband': 2, u'success': True, u'integrator_name': u'vode', u'neval_j': 2, u'with_jacobian': True, u'texec': 0.004744052886962891, u'rtol': 1e-10, u'atol': 1e-08, u't0_set': False, u'method': u'bdf'}
64: {u'neval_f': 82, u'lband': 2, u'uband': 2, u'success': True, u'integrator_name': u'vode', u'neval_j': 2, u'with_jacobian': True, u'texec': 0.008454084396362305, u'rtol': 1e-10, u'atol': 1e-08, u't0_set': False, u'method': u'bdf'}
128: {u'neval_f': 139, u'lband': 2, u'uband': 2, u'success': True, u'integrator_name': u'vode', u'neval_j': 5, u'with_jacobian': True, u'texec': 0.024981975555419922, u'rtol': 1e-10, u'atol': 1e-08, u't0_set': False, u'method': u'bdf'}
256: {u'neval_f': 566, u'lband': 2, u'uband': 2, u'success': True, u'integrator_name': u'vode', u'neval_j': 8, u'with_jacobian': True, u'texec': 0.15743494033813477, u'rtol': 1e-10, u'atol': 1e-08, u't0_set': False, u'method': u'bdf'}
Cylindrical 3 0.0
8: {u'neval_f': 78, u'lband': 1, u'uband': 1, u'success': True, u'integrator_name': u'vode', u'neval_j': 1, u'with_jacobian': True, u'texec': 0.0018739700317382812, u'rtol': 1e-10, u'atol': 1e-08, u't0_set': False, u'method': u'bdf'}
16: {u'neval_f': 98, u'lband': 1, u'uband': 1, u'success': True, u'integrator_name': u'vode', u'neval_j': 2, u'with_jacobian': True, u'texec': 0.002402782440185547, u'rtol': 1e-10, u'atol': 1e-08, u't0_set': False, u'method': u'bdf'}
32: {u'neval_f': 106, u'lband': 1, u'uband': 1, u'success': True, u'integrator_name': u'vode', u'neval_j': 2, u'with_jacobian': True, u'texec': 0.003226041793823242, u'rtol': 1e-10, u'atol': 1e-08, u't0_set': False, u'method': u'bdf'}
64: {u'neval_f': 109, u'lband': 1, u'uband': 1, u'success': True, u'integrator_name': u'vode', u'neval_j': 2, u'with_jacobian': True, u'texec': 0.00456690788269043, u'rtol': 1e-10, u'atol': 1e-08, u't0_set': False, u'method': u'bdf'}
128: {u'neval_f': 109, u'lband': 1, u'uband': 1, u'success': True, u'integrator_name': u'vode', u'neval_j': 2, u'with_jacobian': True, u'texec': 0.007222890853881836, u'rtol': 1e-10, u'atol': 1e-08, u't0_set': False, u'method': u'bdf'}
256: {u'neval_f': 109, u'lband': 1, u'uband': 1, u'success': True, u'integrator_name': u'vode', u'neval_j': 2, u'with_jacobian': True, u'texec': 0.012223005294799805, u'rtol': 1e-10, u'atol': 1e-08, u't0_set': False, u'method': u'bdf'}
Cylindrical 5 0.0
8: {u'neval_f': 98, u'lband': 1, u'uband': 1, u'success': True, u'integrator_name': u'vode', u'neval_j': 2, u'with_jacobian': True, u'texec': 0.0021860599517822266, u'rtol': 1e-10, u'atol': 1e-08, u't0_set': False, u'method': u'bdf'}
16: {u'neval_f': 104, u'lband': 1, u'uband': 1, u'success': True, u'integrator_name': u'vode', u'neval_j': 2, u'with_jacobian': True, u'texec': 0.002543926239013672, u'rtol': 1e-10, u'atol': 1e-08, u't0_set': False, u'method': u'bdf'}
32: {u'neval_f': 109, u'lband': 1, u'uband': 1, u'success': True, u'integrator_name': u'vode', u'neval_j': 2, u'with_jacobian': True, u'texec': 0.003371000289916992, u'rtol': 1e-10, u'atol': 1e-08, u't0_set': False, u'method': u'bdf'}
64: {u'neval_f': 109, u'lband': 1, u'uband': 1, u'success': True, u'integrator_name': u'vode', u'neval_j': 2, u'with_jacobian': True, u'texec': 0.0048749446868896484, u'rtol': 1e-10, u'atol': 1e-08, u't0_set': False, u'method': u'bdf'}
128: {u'neval_f': 119, u'lband': 1, u'uband': 1, u'success': True, u'integrator_name': u'vode', u'neval_j': 2, u'with_jacobian': True, u'texec': 0.008296966552734375, u'rtol': 1e-10, u'atol': 1e-08, u't0_set': False, u'method': u'bdf'}
256: {u'neval_f': 318, u'lband': 1, u'uband': 1, u'success': True, u'integrator_name': u'vode', u'neval_j': 13, u'with_jacobian': True, u'texec': 0.036811113357543945, u'rtol': 1e-10, u'atol': 1e-08, u't0_set': False, u'method': u'bdf'}
Cylindrical 7 0.0
8: {u'neval_f': 89, u'lband': 1, u'uband': 1, u'success': True, u'integrator_name': u'vode', u'neval_j': 2, u'with_jacobian': True, u'texec': 0.0021469593048095703, u'rtol': 1e-10, u'atol': 1e-08, u't0_set': False, u'method': u'bdf'}
16: {u'neval_f': 107, u'lband': 1, u'uband': 1, u'success': True, u'integrator_name': u'vode', u'neval_j': 2, u'with_jacobian': True, u'texec': 0.0027408599853515625, u'rtol': 1e-10, u'atol': 1e-08, u't0_set': False, u'method': u'bdf'}
32: {u'neval_f': 109, u'lband': 1, u'uband': 1, u'success': True, u'integrator_name': u'vode', u'neval_j': 2, u'with_jacobian': True, u'texec': 0.003576040267944336, u'rtol': 1e-10, u'atol': 1e-08, u't0_set': False, u'method': u'bdf'}
64: {u'neval_f': 114, u'lband': 1, u'uband': 1, u'success': True, u'integrator_name': u'vode', u'neval_j': 2, u'with_jacobian': True, u'texec': 0.005422115325927734, u'rtol': 1e-10, u'atol': 1e-08, u't0_set': False, u'method': u'bdf'}
128: {u'neval_f': 163, u'lband': 1, u'uband': 1, u'success': True, u'integrator_name': u'vode', u'neval_j': 3, u'with_jacobian': True, u'texec': 0.012226104736328125, u'rtol': 1e-10, u'atol': 1e-08, u't0_set': False, u'method': u'bdf'}
256: {u'neval_f': 754, u'lband': 1, u'uband': 1, u'success': True, u'integrator_name': u'vode', u'neval_j': 86, u'with_jacobian': True, u'texec': 0.11265993118286133, u'rtol': 1e-10, u'atol': 1e-08, u't0_set': False, u'method': u'bdf'}
Cylindrical 3 0.1
8: {u'neval_f': 94, u'lband': 2, u'uband': 2, u'success': True, u'integrator_name': u'vode', u'neval_j': 2, u'with_jacobian': True, u'texec': 0.0026628971099853516, u'rtol': 1e-10, u'atol': 1e-08, u't0_set': False, u'method': u'bdf'}
16: {u'neval_f': 98, u'lband': 2, u'uband': 2, u'success': True, u'integrator_name': u'vode', u'neval_j': 2, u'with_jacobian': True, u'texec': 0.003572225570678711, u'rtol': 1e-10, u'atol': 1e-08, u't0_set': False, u'method': u'bdf'}
32: {u'neval_f': 105, u'lband': 2, u'uband': 2, u'success': True, u'integrator_name': u'vode', u'neval_j': 2, u'with_jacobian': True, u'texec': 0.005433797836303711, u'rtol': 1e-10, u'atol': 1e-08, u't0_set': False, u'method': u'bdf'}
64: {u'neval_f': 108, u'lband': 2, u'uband': 2, u'success': True, u'integrator_name': u'vode', u'neval_j': 2, u'with_jacobian': True, u'texec': 0.00876617431640625, u'rtol': 1e-10, u'atol': 1e-08, u't0_set': False, u'method': u'bdf'}
128: {u'neval_f': 112, u'lband': 2, u'uband': 2, u'success': True, u'integrator_name': u'vode', u'neval_j': 2, u'with_jacobian': True, u'texec': 0.016308069229125977, u'rtol': 1e-10, u'atol': 1e-08, u't0_set': False, u'method': u'bdf'}
256: {u'neval_f': 112, u'lband': 2, u'uband': 2, u'success': True, u'integrator_name': u'vode', u'neval_j': 2, u'with_jacobian': True, u'texec': 0.03062891960144043, u'rtol': 1e-10, u'atol': 1e-08, u't0_set': False, u'method': u'bdf'}
Cylindrical 5 0.1
8: {u'neval_f': 91, u'lband': 2, u'uband': 2, u'success': True, u'integrator_name': u'vode', u'neval_j': 2, u'with_jacobian': True, u'texec': 0.0027000904083251953, u'rtol': 1e-10, u'atol': 1e-08, u't0_set': False, u'method': u'bdf'}
16: {u'neval_f': 109, u'lband': 2, u'uband': 2, u'success': True, u'integrator_name': u'vode', u'neval_j': 2, u'with_jacobian': True, u'texec': 0.00391387939453125, u'rtol': 1e-10, u'atol': 1e-08, u't0_set': False, u'method': u'bdf'}
32: {u'neval_f': 112, u'lband': 2, u'uband': 2, u'success': True, u'integrator_name': u'vode', u'neval_j': 2, u'with_jacobian': True, u'texec': 0.0060329437255859375, u'rtol': 1e-10, u'atol': 1e-08, u't0_set': False, u'method': u'bdf'}
64: {u'neval_f': 110, u'lband': 2, u'uband': 2, u'success': True, u'integrator_name': u'vode', u'neval_j': 2, u'with_jacobian': True, u'texec': 0.009966135025024414, u'rtol': 1e-10, u'atol': 1e-08, u't0_set': False, u'method': u'bdf'}
128: {u'neval_f': 133, u'lband': 2, u'uband': 2, u'success': True, u'integrator_name': u'vode', u'neval_j': 2, u'with_jacobian': True, u'texec': 0.020809173583984375, u'rtol': 1e-10, u'atol': 1e-08, u't0_set': False, u'method': u'bdf'}
256: {u'neval_f': 455, u'lband': 2, u'uband': 2, u'success': True, u'integrator_name': u'vode', u'neval_j': 8, u'with_jacobian': True, u'texec': 0.11659789085388184, u'rtol': 1e-10, u'atol': 1e-08, u't0_set': False, u'method': u'bdf'}
Cylindrical 7 0.1
8: {u'neval_f': 90, u'lband': 2, u'uband': 2, u'success': True, u'integrator_name': u'vode', u'neval_j': 2, u'with_jacobian': True, u'texec': 0.002825021743774414, u'rtol': 1e-10, u'atol': 1e-08, u't0_set': False, u'method': u'bdf'}
16: {u'neval_f': 111, u'lband': 2, u'uband': 2, u'success': True, u'integrator_name': u'vode', u'neval_j': 2, u'with_jacobian': True, u'texec': 0.004241943359375, u'rtol': 1e-10, u'atol': 1e-08, u't0_set': False, u'method': u'bdf'}
32: {u'neval_f': 112, u'lband': 2, u'uband': 2, u'success': True, u'integrator_name': u'vode', u'neval_j': 2, u'with_jacobian': True, u'texec': 0.006700992584228516, u'rtol': 1e-10, u'atol': 1e-08, u't0_set': False, u'method': u'bdf'}
64: {u'neval_f': 113, u'lband': 2, u'uband': 2, u'success': True, u'integrator_name': u'vode', u'neval_j': 2, u'with_jacobian': True, u'texec': 0.011236906051635742, u'rtol': 1e-10, u'atol': 1e-08, u't0_set': False, u'method': u'bdf'}
128: {u'neval_f': 149, u'lband': 2, u'uband': 2, u'success': True, u'integrator_name': u'vode', u'neval_j': 3, u'with_jacobian': True, u'texec': 0.025560855865478516, u'rtol': 1e-10, u'atol': 1e-08, u't0_set': False, u'method': u'bdf'}
256: {u'neval_f': 658, u'lband': 2, u'uband': 2, u'success': True, u'integrator_name': u'vode', u'neval_j': 75, u'with_jacobian': True, u'texec': 0.28309082984924316, u'rtol': 1e-10, u'atol': 1e-08, u't0_set': False, u'method': u'bdf'}
Spherical 3 0.0
8: {u'neval_f': 75, u'lband': 1, u'uband': 1, u'success': True, u'integrator_name': u'vode', u'neval_j': 1, u'with_jacobian': True, u'texec': 0.0026140213012695312, u'rtol': 1e-10, u'atol': 1e-08, u't0_set': False, u'method': u'bdf'}
16: {u'neval_f': 81, u'lband': 1, u'uband': 1, u'success': True, u'integrator_name': u'vode', u'neval_j': 1, u'with_jacobian': True, u'texec': 0.002789020538330078, u'rtol': 1e-10, u'atol': 1e-08, u't0_set': False, u'method': u'bdf'}
32: {u'neval_f': 86, u'lband': 1, u'uband': 1, u'success': True, u'integrator_name': u'vode', u'neval_j': 2, u'with_jacobian': True, u'texec': 0.003885030746459961, u'rtol': 1e-10, u'atol': 1e-08, u't0_set': False, u'method': u'bdf'}
64: {u'neval_f': 96, u'lband': 1, u'uband': 1, u'success': True, u'integrator_name': u'vode', u'neval_j': 2, u'with_jacobian': True, u'texec': 0.005270957946777344, u'rtol': 1e-10, u'atol': 1e-08, u't0_set': False, u'method': u'bdf'}
128: {u'neval_f': 94, u'lband': 1, u'uband': 1, u'success': True, u'integrator_name': u'vode', u'neval_j': 1, u'with_jacobian': True, u'texec': 0.00777888298034668, u'rtol': 1e-10, u'atol': 1e-08, u't0_set': False, u'method': u'bdf'}
256: {u'neval_f': 94, u'lband': 1, u'uband': 1, u'success': True, u'integrator_name': u'vode', u'neval_j': 1, u'with_jacobian': True, u'texec': 0.013068199157714844, u'rtol': 1e-10, u'atol': 1e-08, u't0_set': False, u'method': u'bdf'}
Spherical 5 0.0
8: {u'neval_f': 83, u'lband': 1, u'uband': 1, u'success': True, u'integrator_name': u'vode', u'neval_j': 2, u'with_jacobian': True, u'texec': 0.0021970272064208984, u'rtol': 1e-10, u'atol': 1e-08, u't0_set': False, u'method': u'bdf'}
16: {u'neval_f': 99, u'lband': 1, u'uband': 1, u'success': True, u'integrator_name': u'vode', u'neval_j': 2, u'with_jacobian': True, u'texec': 0.0025200843811035156, u'rtol': 1e-10, u'atol': 1e-08, u't0_set': False, u'method': u'bdf'}
32: {u'neval_f': 93, u'lband': 1, u'uband': 1, u'success': True, u'integrator_name': u'vode', u'neval_j': 2, u'with_jacobian': True, u'texec': 0.0032529830932617188, u'rtol': 1e-10, u'atol': 1e-08, u't0_set': False, u'method': u'bdf'}
64: {u'neval_f': 88, u'lband': 1, u'uband': 1, u'success': True, u'integrator_name': u'vode', u'neval_j': 2, u'with_jacobian': True, u'texec': 0.004069089889526367, u'rtol': 1e-10, u'atol': 1e-08, u't0_set': False, u'method': u'bdf'}
128: {u'neval_f': 101, u'lband': 1, u'uband': 1, u'success': True, u'integrator_name': u'vode', u'neval_j': 2, u'with_jacobian': True, u'texec': 0.007112979888916016, u'rtol': 1e-10, u'atol': 1e-08, u't0_set': False, u'method': u'bdf'}
256: {u'neval_f': 351, u'lband': 1, u'uband': 1, u'success': True, u'integrator_name': u'vode', u'neval_j': 34, u'with_jacobian': True, u'texec': 0.047601938247680664, u'rtol': 1e-10, u'atol': 1e-08, u't0_set': False, u'method': u'bdf'}
Spherical 7 0.0
8: {u'neval_f': 71, u'lband': 1, u'uband': 1, u'success': True, u'integrator_name': u'vode', u'neval_j': 2, u'with_jacobian': True, u'texec': 0.001928091049194336, u'rtol': 1e-10, u'atol': 1e-08, u't0_set': False, u'method': u'bdf'}
16: {u'neval_f': 87, u'lband': 1, u'uband': 1, u'success': True, u'integrator_name': u'vode', u'neval_j': 2, u'with_jacobian': True, u'texec': 0.002441883087158203, u'rtol': 1e-10, u'atol': 1e-08, u't0_set': False, u'method': u'bdf'}
32: {u'neval_f': 93, u'lband': 1, u'uband': 1, u'success': True, u'integrator_name': u'vode', u'neval_j': 2, u'with_jacobian': True, u'texec': 0.003390073776245117, u'rtol': 1e-10, u'atol': 1e-08, u't0_set': False, u'method': u'bdf'}
64: {u'neval_f': 94, u'lband': 1, u'uband': 1, u'success': True, u'integrator_name': u'vode', u'neval_j': 2, u'with_jacobian': True, u'texec': 0.004893064498901367, u'rtol': 1e-10, u'atol': 1e-08, u't0_set': False, u'method': u'bdf'}
128: {u'neval_f': 147, u'lband': 1, u'uband': 1, u'success': True, u'integrator_name': u'vode', u'neval_j': 4, u'with_jacobian': True, u'texec': 0.011389970779418945, u'rtol': 1e-10, u'atol': 1e-08, u't0_set': False, u'method': u'bdf'}
256: {u'neval_f': 611, u'lband': 1, u'uband': 1, u'success': True, u'integrator_name': u'vode', u'neval_j': 85, u'with_jacobian': True, u'texec': 0.10138106346130371, u'rtol': 1e-10, u'atol': 1e-08, u't0_set': False, u'method': u'bdf'}
Spherical 3 0.1
8: {u'neval_f': 66, u'lband': 2, u'uband': 2, u'success': True, u'integrator_name': u'vode', u'neval_j': 1, u'with_jacobian': True, u'texec': 0.0022461414337158203, u'rtol': 1e-10, u'atol': 1e-08, u't0_set': False, u'method': u'bdf'}
16: {u'neval_f': 90, u'lband': 2, u'uband': 2, u'success': True, u'integrator_name': u'vode', u'neval_j': 2, u'with_jacobian': True, u'texec': 0.0033919811248779297, u'rtol': 1e-10, u'atol': 1e-08, u't0_set': False, u'method': u'bdf'}
32: {u'neval_f': 92, u'lband': 2, u'uband': 2, u'success': True, u'integrator_name': u'vode', u'neval_j': 2, u'with_jacobian': True, u'texec': 0.005009174346923828, u'rtol': 1e-10, u'atol': 1e-08, u't0_set': False, u'method': u'bdf'}
64: {u'neval_f': 93, u'lband': 2, u'uband': 2, u'success': True, u'integrator_name': u'vode', u'neval_j': 1, u'with_jacobian': True, u'texec': 0.008341789245605469, u'rtol': 1e-10, u'atol': 1e-08, u't0_set': False, u'method': u'bdf'}
128: {u'neval_f': 91, u'lband': 2, u'uband': 2, u'success': True, u'integrator_name': u'vode', u'neval_j': 1, u'with_jacobian': True, u'texec': 0.014016151428222656, u'rtol': 1e-10, u'atol': 1e-08, u't0_set': False, u'method': u'bdf'}
256: {u'neval_f': 95, u'lband': 2, u'uband': 2, u'success': True, u'integrator_name': u'vode', u'neval_j': 2, u'with_jacobian': True, u'texec': 0.029285192489624023, u'rtol': 1e-10, u'atol': 1e-08, u't0_set': False, u'method': u'bdf'}
Spherical 5 0.1
8: {u'neval_f': 71, u'lband': 2, u'uband': 2, u'success': True, u'integrator_name': u'vode', u'neval_j': 1, u'with_jacobian': True, u'texec': 0.0024039745330810547, u'rtol': 1e-10, u'atol': 1e-08, u't0_set': False, u'method': u'bdf'}
16: {u'neval_f': 97, u'lband': 2, u'uband': 2, u'success': True, u'integrator_name': u'vode', u'neval_j': 2, u'with_jacobian': True, u'texec': 0.003757953643798828, u'rtol': 1e-10, u'atol': 1e-08, u't0_set': False, u'method': u'bdf'}
32: {u'neval_f': 96, u'lband': 2, u'uband': 2, u'success': True, u'integrator_name': u'vode', u'neval_j': 2, u'with_jacobian': True, u'texec': 0.0055389404296875, u'rtol': 1e-10, u'atol': 1e-08, u't0_set': False, u'method': u'bdf'}
64: {u'neval_f': 92, u'lband': 2, u'uband': 2, u'success': True, u'integrator_name': u'vode', u'neval_j': 2, u'with_jacobian': True, u'texec': 0.008665084838867188, u'rtol': 1e-10, u'atol': 1e-08, u't0_set': False, u'method': u'bdf'}
128: {u'neval_f': 100, u'lband': 2, u'uband': 2, u'success': True, u'integrator_name': u'vode', u'neval_j': 2, u'with_jacobian': True, u'texec': 0.015994787216186523, u'rtol': 1e-10, u'atol': 1e-08, u't0_set': False, u'method': u'bdf'}
256: {u'neval_f': 432, u'lband': 2, u'uband': 2, u'success': True, u'integrator_name': u'vode', u'neval_j': 55, u'with_jacobian': True, u'texec': 0.17113089561462402, u'rtol': 1e-10, u'atol': 1e-08, u't0_set': False, u'method': u'bdf'}
Spherical 7 0.1
8: {u'neval_f': 79, u'lband': 2, u'uband': 2, u'success': True, u'integrator_name': u'vode', u'neval_j': 2, u'with_jacobian': True, u'texec': 0.0026891231536865234, u'rtol': 1e-10, u'atol': 1e-08, u't0_set': False, u'method': u'bdf'}
16: {u'neval_f': 92, u'lband': 2, u'uband': 2, u'success': True, u'integrator_name': u'vode', u'neval_j': 2, u'with_jacobian': True, u'texec': 0.0037071704864501953, u'rtol': 1e-10, u'atol': 1e-08, u't0_set': False, u'method': u'bdf'}
32: {u'neval_f': 90, u'lband': 2, u'uband': 2, u'success': True, u'integrator_name': u'vode', u'neval_j': 2, u'with_jacobian': True, u'texec': 0.005593061447143555, u'rtol': 1e-10, u'atol': 1e-08, u't0_set': False, u'method': u'bdf'}
64: {u'neval_f': 92, u'lband': 2, u'uband': 2, u'success': True, u'integrator_name': u'vode', u'neval_j': 2, u'with_jacobian': True, u'texec': 0.009319067001342773, u'rtol': 1e-10, u'atol': 1e-08, u't0_set': False, u'method': u'bdf'}
128: {u'neval_f': 133, u'lband': 2, u'uband': 2, u'success': True, u'integrator_name': u'vode', u'neval_j': 2, u'with_jacobian': True, u'texec': 0.021505117416381836, u'rtol': 1e-10, u'atol': 1e-08, u't0_set': False, u'method': u'bdf'}
256: {u'neval_f': 536, u'lband': 2, u'uband': 2, u'success': True, u'integrator_name': u'vode', u'neval_j': 47, u'with_jacobian': True, u'texec': 0.19434785842895508, u'rtol': 1e-10, u'atol': 1e-08, u't0_set': False, u'method': u'bdf'}
python examples/examples/auto_efield.py --plot --savefig _generated/auto_efield.png
python examples/examples/decay.py --plot --savefig _generated/decay.png
python examples/examples/four_species.py --plot --savefig _generated/four_species.png
('skipping: ', '1')
('skipping: ', '2')
('skipping: ', '3')
('skipping: ', '1')
('skipping: ', '2')
('skipping: ', '3')
('skipping: ', '0')
('skipping: ', '3')
('skipping: ', '0')
('skipping: ', '3')
('skipping: ', 'R1: 2 2 + 1 $\\rightarrow$ 1 + 3')
('skipping: ', 'R1: 2 2 + 1 $\\rightarrow$ 1 + 3')
('skipping: ', 'R0: 0 $\\rightarrow$ 1')
('skipping: ', 'R0: 0 $\\rightarrow$ 1')
python examples/examples/equilibrium.py --plot --savefig _generated/equilibrium.png
python examples/examples/equilibrium.py --A0 1.0 --B0 1e-10 --C0 1e-30 --kf 10 --kb 1 --t0 0 --tend 5 --plot --plotlogy --plotlogt --savefig _generated/equilibrium_unscaled.png
python examples/examples/equilibrium.py  --scaling 1e10 --A0 1.0 --B0 1e-10 --C0 1e-30 --kf 10 --kb 1 --t0 0 --tend 5 --plot --plotlogy --plotlogt --savefig _generated/equilibrium_scaled.png
python examples/examples/const_surf_conc.py --plot --savefig _generated/const_surf_conc.png
 DVODE--  At T (=R1) and step size H (=R2), the    
       corrector convergence failed repeatedly     
       or with abs(H) = HMIN   
      In above,  R1 =  0.1000000000000D+01   R2 =  0.3990558077801D-12
 DVODE--  At T (=R1) and step size H (=R2), the    
       corrector convergence failed repeatedly     
       or with abs(H) = HMIN   
      In above,  R1 =  0.1000000000000D+01   R2 =  0.3990558077801D-12
 DVODE--  At T (=R1) and step size H (=R2), the    
       corrector convergence failed repeatedly     
       or with abs(H) = HMIN   
      In above,  R1 =  0.1000000000000D+01   R2 =  0.3990558077801D-12
 DVODE--  At T (=R1) and step size H (=R2), the    
       corrector convergence failed repeatedly     
       or with abs(H) = HMIN   
      In above,  R1 =  0.1000000000000D+01   R2 =  0.3990558077801D-12
 DVODE--  At T (=R1) and step size H (=R2), the    
       corrector convergence failed repeatedly     
       or with abs(H) = HMIN   
      In above,  R1 =  0.1000000000000D+01   R2 =  0.3990558077801D-12
 DVODE--  At T (=R1) and step size H (=R2), the    
       corrector convergence failed repeatedly     
       or with abs(H) = HMIN   
      In above,  R1 =  0.1000000000000D+01   R2 =  0.3990558077801D-12
 DVODE--  At T (=R1) and step size H (=R2), the    
       corrector convergence failed repeatedly     
       or with abs(H) = HMIN   
      In above,  R1 =  0.1000000000000D+01   R2 =  0.3990558077801D-12
 DVODE--  At T (=R1) and step size H (=R2), the    
       corrector convergence failed repeatedly     
       or with abs(H) = HMIN   
      In above,  R1 =  0.1000000000000D+01   R2 =  0.3990558077801D-12
 DVODE--  At T (=R1) and step size H (=R2), the    
       corrector convergence failed repeatedly     
       or with abs(H) = HMIN   
      In above,  R1 =  0.1000000000000D+01   R2 =  0.3990558077801D-12
 DVODE--  At T (=R1) and step size H (=R2), the    
       corrector convergence failed repeatedly     
       or with abs(H) = HMIN   
      In above,  R1 =  0.1000000000000D+01   R2 =  0.3990558077801D-12
 DVODE--  At T (=R1) and step size H (=R2), the    
       corrector convergence failed repeatedly     
       or with abs(H) = HMIN   
      In above,  R1 =  0.1000000000000D+01   R2 =  0.3990558077801D-12
 DVODE--  At T (=R1) and step size H (=R2), the    
       corrector convergence failed repeatedly     
       or with abs(H) = HMIN   
      In above,  R1 =  0.1000000000000D+01   R2 =  0.3990558077801D-12
 DVODE--  At T (=R1) and step size H (=R2), the    
       corrector convergence failed repeatedly     
       or with abs(H) = HMIN   
      In above,  R1 =  0.1000000000000D+01   R2 =  0.3990558077801D-12
 DVODE--  At T (=R1) and step size H (=R2), the    
       corrector convergence failed repeatedly     
       or with abs(H) = HMIN   
      In above,  R1 =  0.1000000000000D+01   R2 =  0.3990558077801D-12
 DVODE--  At T (=R1) and step size H (=R2), the    
       corrector convergence failed repeatedly     
       or with abs(H) = HMIN   
      In above,  R1 =  0.1000000000000D+01   R2 =  0.3990558077801D-12
 DVODE--  At T (=R1) and step size H (=R2), the    
       corrector convergence failed repeatedly     
       or with abs(H) = HMIN   
      In above,  R1 =  0.1000000000000D+01   R2 =  0.3990558077801D-12
 DVODE--  At T (=R1) and step size H (=R2), the    
       corrector convergence failed repeatedly     
       or with abs(H) = HMIN   
      In above,  R1 =  0.1000000000000D+01   R2 =  0.3990558077801D-12
 DVODE--  At T (=R1) and step size H (=R2), the    
       corrector convergence failed repeatedly     
       or with abs(H) = HMIN   
      In above,  R1 =  0.1000000000000D+01   R2 =  0.3990558077801D-12
 DVODE--  At T (=R1) and step size H (=R2), the    
       corrector convergence failed repeatedly     
       or with abs(H) = HMIN   
      In above,  R1 =  0.1000000000000D+01   R2 =  0.3990558077801D-12
 DVODE--  At T (=R1) and step size H (=R2), the    
       corrector convergence failed repeatedly     
       or with abs(H) = HMIN   
      In above,  R1 =  0.1000000000000D+01   R2 =  0.3990558077801D-12
 DVODE--  At T (=R1) and step size H (=R2), the    
       corrector convergence failed repeatedly     
       or with abs(H) = HMIN   
      In above,  R1 =  0.1000000000000D+01   R2 =  0.3990558077801D-12
 DVODE--  At T (=R1) and step size H (=R2), the    
       corrector convergence failed repeatedly     
       or with abs(H) = HMIN   
      In above,  R1 =  0.1000000000000D+01   R2 =  0.3990558077801D-12
 DVODE--  At T (=R1) and step size H (=R2), the    
       corrector convergence failed repeatedly     
       or with abs(H) = HMIN   
      In above,  R1 =  0.1000000000000D+01   R2 =  0.3990558077801D-12
 DVODE--  At T (=R1) and step size H (=R2), the    
       corrector convergence failed repeatedly     
       or with abs(H) = HMIN   
      In above,  R1 =  0.1000000000000D+01   R2 =  0.3990558077801D-12
 DVODE--  At T (=R1) and step size H (=R2), the    
       corrector convergence failed repeatedly     
       or with abs(H) = HMIN   
      In above,  R1 =  0.1000000000000D+01   R2 =  0.3990558077801D-12
 DVODE--  At T (=R1) and step size H (=R2), the    
       corrector convergence failed repeatedly     
       or with abs(H) = HMIN   
      In above,  R1 =  0.1000000000000D+01   R2 =  0.3990558077801D-12
 DVODE--  At T (=R1) and step size H (=R2), the    
       corrector convergence failed repeatedly     
       or with abs(H) = HMIN   
      In above,  R1 =  0.1000000000000D+01   R2 =  0.3990558077801D-12
 DVODE--  At T (=R1) and step size H (=R2), the    
       corrector convergence failed repeatedly     
       or with abs(H) = HMIN   
      In above,  R1 =  0.1000000000000D+01   R2 =  0.3990558077801D-12
 DVODE--  At T (=R1) and step size H (=R2), the    
       corrector convergence failed repeatedly     
       or with abs(H) = HMIN   
      In above,  R1 =  0.1000000000000D+01   R2 =  0.3990558077801D-12
 DVODE--  At T (=R1) and step size H (=R2), the    
       corrector convergence failed repeatedly     
       or with abs(H) = HMIN   
      In above,  R1 =  0.1000000000000D+01   R2 =  0.3990558077801D-12
 DVODE--  At T (=R1) and step size H (=R2), the    
       corrector convergence failed repeatedly     
       or with abs(H) = HMIN   
      In above,  R1 =  0.1000000000000D+01   R2 =  0.3990558077801D-12
 DVODE--  At T (=R1) and step size H (=R2), the    
       corrector convergence failed repeatedly     
       or with abs(H) = HMIN   
      In above,  R1 =  0.1000000000000D+01   R2 =  0.3990558077801D-12
 DVODE--  At T (=R1) and step size H (=R2), the    
       corrector convergence failed repeatedly     
       or with abs(H) = HMIN   
      In above,  R1 =  0.1000000000000D+01   R2 =  0.3990558077801D-12
 DVODE--  At T (=R1) and step size H (=R2), the    
       corrector convergence failed repeatedly     
       or with abs(H) = HMIN   
      In above,  R1 =  0.1000000000000D+01   R2 =  0.3990558077801D-12
 DVODE--  At T (=R1) and step size H (=R2), the    
       corrector convergence failed repeatedly     
       or with abs(H) = HMIN   
      In above,  R1 =  0.1000000000000D+01   R2 =  0.3990558077801D-12
 DVODE--  At T (=R1) and step size H (=R2), the    
       corrector convergence failed repeatedly     
       or with abs(H) = HMIN   
      In above,  R1 =  0.1000000000000D+01   R2 =  0.3990558077801D-12
 DVODE--  At T (=R1) and step size H (=R2), the    
       corrector convergence failed repeatedly     
       or with abs(H) = HMIN   
      In above,  R1 =  0.1000000000000D+01   R2 =  0.3990558077801D-12
 DVODE--  At T (=R1) and step size H (=R2), the    
       corrector convergence failed repeatedly     
       or with abs(H) = HMIN   
      In above,  R1 =  0.1000000000000D+01   R2 =  0.3990558077801D-12
 DVODE--  At T (=R1) and step size H (=R2), the    
       corrector convergence failed repeatedly     
       or with abs(H) = HMIN   
      In above,  R1 =  0.1000000000000D+01   R2 =  0.3990558077801D-12
 DVODE--  At T (=R1) and step size H (=R2), the    
       corrector convergence failed repeatedly     
       or with integr.Cout[0, :, 1] =  [  9.01690213e-01   7.10950817e-01   5.36817710e-01   3.87211540e-01
   2.66250712e-01   1.74212768e-01   1.08308163e-01   6.38971135e-02
   3.57332388e-02   1.89251048e-02   9.48510653e-03   4.49569665e-03
   2.01398800e-03   8.52335580e-04   3.40624521e-04   1.28497514e-04
   4.57435131e-05   1.53624342e-05   4.86609682e-06   1.45344514e-06
   4.09290308e-07   1.08644099e-07   2.71805095e-08   6.40807541e-09
   1.42352136e-09   2.97933771e-10   5.87425018e-11   1.09099739e-11
   1.90852878e-12   3.14445749e-13   4.87905626e-14   7.12922871e-15
   9.80938184e-16   1.27089837e-16   1.55034941e-17   1.78065186e-18
   1.92549158e-19   1.96020377e-20   1.87863664e-21   1.69493240e-22
   1.43951772e-23   1.15086554e-24   8.66091552e-26   6.13513470e-27
   4.09068088e-28   2.56725515e-29   1.51647657e-30   8.43116210e-32
   4.41180747e-33   2.17278021e-34   1.00711334e-35   4.39336978e-37
   1.80371507e-38   6.96920299e-40   2.53418223e-41   8.67215329e-43
   2.79283656e-44   8.46425838e-46   2.41408575e-47   6.47936814e-49
   1.63653311e-50   3.88978231e-52   8.70022579e-54   1.83120518e-55]
integr.yout[0, :, 1] =  [  9.01690213e-01   7.10950817e-01   5.36817710e-01   3.87211540e-01
   2.66250712e-01   1.74212768e-01   1.08308163e-01   6.38971135e-02
   3.57332388e-02   1.89251048e-02   9.48510653e-03   4.49569665e-03
   2.01398800e-03   8.52335580e-04   3.40624521e-04   1.28497514e-04
   4.57435131e-05   1.53624342e-05   4.86609682e-06   1.45344514e-06
   4.09290308e-07   1.08644099e-07   2.71805095e-08   6.40807541e-09
   1.42352136e-09   2.97933771e-10   5.87425018e-11   1.09099739e-11
   1.90852878e-12   3.14445749e-13   4.87905626e-14   7.12922871e-15
   9.80938184e-16   1.27089837e-16   1.55034941e-17   1.78065186e-18
   1.92549158e-19   1.96020377e-20   1.87863664e-21   1.69493240e-22
   1.43951772e-23   1.15086554e-24   8.66091552e-26   6.13513470e-27
   4.09068088e-28   2.56725515e-29   1.51647657e-30   8.43116210e-32
   4.41180747e-33   2.17278021e-34   1.00711334e-35   4.39336978e-37
   1.80371507e-38   6.96920299e-40   2.53418223e-41   8.67215329e-43
   2.79283656e-44   8.46425838e-46   2.41408575e-47   6.47936814e-49
   1.63653311e-50   3.88978231e-52   8.70022579e-54   1.83120518e-55]
abs(H) = HMIN   
      In above,  R1 =  0.1000000000000D+01   R2 =  0.3990558077801D-12
 DVODE--  At T (=R1) and step size H (=R2), the    
       corrector convergence failed repeatedly     
       or with abs(H) = HMIN   
      In above,  R1 =  0.1000000000000D+01   R2 =  0.3990558077801D-12
python examples/examples/const_surf_conc.py --plot --N 1024 --verbose --nstencil 3 --scaling 1e-20 --logx --logy --factor 1e12 --x0 1e-6 --atol 1e-8 --rtol 1e-8 --savefig _generated/const_surf_conc_logy_logx.png
integr.Cout[0, :, 1] =  [  9.99987299e-01   9.99987126e-01   9.99986952e-01 ...,   9.33877023e-53
   3.77181730e-54   1.39588436e-55]
integr.yout[0, :, 1] =  [ -46.05171456  -46.05171473  -46.05171491 ..., -165.85453721 -169.06373995
 -172.36035381]
{u'neval_f': 397, u'lband': 2, u'uband': 2, u'success': True, u'integrator_name': u'vode', u'neval_j': 6, u'with_jacobian': True, u'texec': 0.5508589744567871, u'rtol': 1e-08, u'atol': 1e-08, u't0_set': False, u'method': u'bdf'}
sphinx-build -b html -d _build/doctrees   . _build/html
Making output directory...
Running Sphinx v1.2.3
loading pickled environment... not yet created
building [html]: targets for 28 source files that are out of date
updating environment: 28 added, 0 changed, 0 removed
reading sources... [  3%] chemistry
reading sources... [  7%] core
reading sources... [ 10%] derivations
reading sources... [ 14%] dev
reading sources... [ 17%] examples/analytic_N_scaling
reading sources... [ 21%] examples/analytic_diffusion
reading sources... [ 25%] examples/aqueous_radiolysis
reading sources... [ 28%] examples/auto_efield
reading sources... [ 32%] examples/const_surf_conc
reading sources... [ 35%] examples/decay
reading sources... [ 39%] examples/equilibrium
reading sources... [ 42%] examples/four_species
reading sources... [ 46%] examples/index
reading sources... [ 50%] examples/steady_state_approx
reading sources... [ 53%] index
reading sources... [ 57%] install
reading sources... [ 60%] integrate
reading sources... [ 64%] modules
reading sources... [ 67%] util/analysis
reading sources... [ 71%] util/banded
reading sources... [ 75%] util/grid
reading sources... [ 78%] util/index
reading sources... [ 82%] util/physchem
reading sources... [ 85%] util/plotting
reading sources... [ 89%] util/pyutil
reading sources... [ 92%] util/stoich
reading sources... [ 96%] util/table
reading sources... [100%] util/testing

looking for now-outdated files... none found
pickling environment... done
checking consistency... done
preparing documents... done
writing output... [  3%] chemistry
writing output... [  7%] core
writing output... [ 10%] derivations
writing output... [ 14%] dev
writing output... [ 17%] examples/analytic_N_scaling
writing output... [ 21%] examples/analytic_diffusion
writing output... [ 25%] examples/aqueous_radiolysis
writing output... [ 28%] examples/auto_efield
writing output... [ 32%] examples/const_surf_conc
writing output... [ 35%] examples/decay
writing output... [ 39%] examples/equilibrium
writing output... [ 42%] examples/four_species
writing output... [ 46%] examples/index
writing output... [ 50%] examples/steady_state_approx
writing output... [ 53%] index
writing output... [ 57%] install
writing output... [ 60%] integrate
writing output... [ 64%] modules
writing output... [ 67%] util/analysis
writing output... [ 71%] util/banded
writing output... [ 75%] util/grid
writing output... [ 78%] util/index
writing output... [ 82%] util/physchem
writing output... [ 85%] util/plotting
writing output... [ 89%] util/pyutil
writing output... [ 92%] util/stoich
writing output... [ 96%] util/table
writing output... [100%] util/testing

writing additional files... (21 module code pages) _modules/index genindex py-modindex search
copying images... [  7%] examples/../_generated/analytic_N_scaling.png
copying images... [ 14%] examples/../_generated/analytic_diffusion.png
copying images... [ 21%] examples/../_generated/four_species_per_reaction.png
copying images... [ 28%] examples/../_generated/auto_efield.png
copying images... [ 35%] examples/../_generated/aqueous_radiolysis.png
copying images... [ 42%] examples/../_generated/const_surf_conc.png
copying images... [ 50%] examples/../_generated/four_species.png
copying images... [ 57%] examples/../_generated/equilibrium_unscaled.png
copying images... [ 64%] examples/../_generated/four_species_jacobian.png
copying images... [ 71%] examples/../_generated/steady_state_approx.png
copying images... [ 78%] examples/../_generated/const_surf_conc_logy_logx.png
copying images... [ 85%] examples/../_generated/decay.png
copying images... [ 92%] examples/../_generated/equilibrium.png
copying images... [100%] examples/../_generated/equilibrium_scaled.png

copying downloadable files... [  8%] /home/travis/build/chemreac/chemreac/docs/examples/examples/steady_state_approx.py
copying downloadable files... [ 16%] /home/travis/build/chemreac/chemreac/docs/examples/examples/decay.py
copying downloadable files... [ 25%] /home/travis/build/chemreac/chemreac/docs/examples/examples/const_surf_conc.py
copying downloadable files... [ 33%] /home/travis/build/chemreac/chemreac/docs/_generated/steady_state_approx.html
copying downloadable files... [ 41%] /home/travis/build/chemreac/chemreac/docs/examples/examples/four_species.json
copying downloadable files... [ 50%] /home/travis/build/chemreac/chemreac/docs/examples/examples/auto_efield.py
copying downloadable files... [ 58%] /home/travis/build/chemreac/chemreac/docs/examples/examples/analytic_diffusion.py
copying downloadable files... [ 66%] /home/travis/build/chemreac/chemreac/docs/examples/examples/aqueous_radiolysis.py
copying downloadable files... [ 75%] /home/travis/build/chemreac/chemreac/docs/examples/examples/analytic_N_scaling.py
copying downloadable files... [ 83%] /home/travis/build/chemreac/chemreac/docs/examples/examples/aqueous_radiolysis.json
copying downloadable files... [ 91%] /home/travis/build/chemreac/chemreac/docs/examples/examples/equilibrium.py
copying downloadable files... [100%] /home/travis/build/chemreac/chemreac/docs/examples/examples/four_species.py

copying static files... done
copying extra files... done
dumping search index... done
dumping object inventory... done
build succeeded, 231 warnings.

Build finished. The HTML pages are in _build/html.
