/home/travis/miniconda/envs/testenv/lib/python2.7/site-packages/matplotlib/axes/_axes.py:475: UserWarning: No labelled objects found. Use label='...' kwarg on individual plots.
  warnings.warn("No labelled objects found. "
/home/travis/miniconda/envs/testenv/lib/python2.7/site-packages/scipy/integrate/_ode.py:852: UserWarning: vode: Repeated convergence failures. (Perhaps bad Jacobian supplied or wrong choice of MF or tolerances.)
  'Unexpected istate=%s' % istate))
/home/travis/miniconda/envs/testenv/lib/python2.7/site-packages/numpydoc/docscrape.py:120: UserWarning: Unknown section Paraneters
  warn("Unknown section %s" % key)
/home/travis/build/chemreac/chemreac/docs/chemistry.rst:108: WARNING: toctree references unknown document u'chemreac.chemistry.ReactionSystem.k'
/home/travis/build/chemreac/chemreac/docs/chemistry.rst:108: WARNING: toctree references unknown document u'chemreac.chemistry.ReactionSystem.ns'
/home/travis/build/chemreac/chemreac/docs/chemistry.rst:108: WARNING: toctree references unknown document u'chemreac.chemistry.ReactionSystem.nr'
../README.rst:None: WARNING: nonlocal image URI found: https://travis-ci.org/chemreac/chemreac.png?branch=master
../README.rst:None: WARNING: nonlocal image URI found: http://hera.physchem.kth.se:8080/github.com/chemreac/chemreac/status.svg?branch=master
/home/travis/build/chemreac/chemreac/docs/dev.rst:None: WARNING: nonlocal image URI found: https://coveralls.io/repos/chemreac/chemreac/badge.png?branch=master
/home/travis/build/chemreac/chemreac/chemreac/util/plotting.py:docstring of chemreac.util.plotting.coloured_spy:25: WARNING: Definition list ends without a blank line; unexpected unindent.
<autosummary>:None: WARNING: toctree contains reference to nonexisting document u'chemreac.chemistry.ReactionSystem.k'
<autosummary>:None: WARNING: toctree contains reference to nonexisting document u'chemreac.chemistry.ReactionSystem.ns'
<autosummary>:None: WARNING: toctree contains reference to nonexisting document u'chemreac.chemistry.ReactionSystem.nr'
None:None: WARNING: toctree contains reference to nonexisting document u'chemreac.chemistry.ReactionSystem.k'
None:None: WARNING: toctree contains reference to nonexisting document u'chemreac.chemistry.ReactionSystem.ns'
None:None: WARNING: toctree contains reference to nonexisting document u'chemreac.chemistry.ReactionSystem.nr'
None:None: WARNING: toctree contains reference to document u'util/physchem' that doesn't have a title: no link will be generated
None:None: WARNING: toctree contains reference to nonexisting document u'chemreac.chemistry.ReactionSystem.k'
None:None: WARNING: toctree contains reference to nonexisting document u'chemreac.chemistry.ReactionSystem.ns'
None:None: WARNING: toctree contains reference to nonexisting document u'chemreac.chemistry.ReactionSystem.nr'
None:None: WARNING: toctree contains reference to document u'util/physchem' that doesn't have a title: no link will be generated
None:None: WARNING: toctree contains reference to nonexisting document u'chemreac.chemistry.ReactionSystem.k'
None:None: WARNING: toctree contains reference to nonexisting document u'chemreac.chemistry.ReactionSystem.ns'
None:None: WARNING: toctree contains reference to nonexisting document u'chemreac.chemistry.ReactionSystem.nr'
None:None: WARNING: toctree contains reference to document u'util/physchem' that doesn't have a title: no link will be generated
None:None: WARNING: toctree contains reference to nonexisting document u'chemreac.chemistry.ReactionSystem.k'
None:None: WARNING: toctree contains reference to nonexisting document u'chemreac.chemistry.ReactionSystem.ns'
None:None: WARNING: toctree contains reference to nonexisting document u'chemreac.chemistry.ReactionSystem.nr'
None:None: WARNING: toctree contains reference to document u'util/physchem' that doesn't have a title: no link will be generated
None:None: WARNING: toctree contains reference to nonexisting document u'chemreac.chemistry.ReactionSystem.k'
None:None: WARNING: toctree contains reference to nonexisting document u'chemreac.chemistry.ReactionSystem.ns'
None:None: WARNING: toctree contains reference to nonexisting document u'chemreac.chemistry.ReactionSystem.nr'
None:None: WARNING: toctree contains reference to document u'util/physchem' that doesn't have a title: no link will be generated
None:None: WARNING: toctree contains reference to nonexisting document u'chemreac.chemistry.ReactionSystem.k'
None:None: WARNING: toctree contains reference to nonexisting document u'chemreac.chemistry.ReactionSystem.ns'
None:None: WARNING: toctree contains reference to nonexisting document u'chemreac.chemistry.ReactionSystem.nr'
None:None: WARNING: toctree contains reference to document u'util/physchem' that doesn't have a title: no link will be generated
None:None: WARNING: toctree contains reference to nonexisting document u'chemreac.chemistry.ReactionSystem.k'
None:None: WARNING: toctree contains reference to nonexisting document u'chemreac.chemistry.ReactionSystem.ns'
None:None: WARNING: toctree contains reference to nonexisting document u'chemreac.chemistry.ReactionSystem.nr'
None:None: WARNING: toctree contains reference to document u'util/physchem' that doesn't have a title: no link will be generated
None:None: WARNING: toctree contains reference to nonexisting document u'chemreac.chemistry.ReactionSystem.k'
None:None: WARNING: toctree contains reference to nonexisting document u'chemreac.chemistry.ReactionSystem.ns'
None:None: WARNING: toctree contains reference to nonexisting document u'chemreac.chemistry.ReactionSystem.nr'
None:None: WARNING: toctree contains reference to document u'util/physchem' that doesn't have a title: no link will be generated
None:None: WARNING: toctree contains reference to nonexisting document u'chemreac.chemistry.ReactionSystem.k'
None:None: WARNING: toctree contains reference to nonexisting document u'chemreac.chemistry.ReactionSystem.ns'
None:None: WARNING: toctree contains reference to nonexisting document u'chemreac.chemistry.ReactionSystem.nr'
None:None: WARNING: toctree contains reference to document u'util/physchem' that doesn't have a title: no link will be generated
None:None: WARNING: toctree contains reference to nonexisting document u'chemreac.chemistry.ReactionSystem.k'
None:None: WARNING: toctree contains reference to nonexisting document u'chemreac.chemistry.ReactionSystem.ns'
None:None: WARNING: toctree contains reference to nonexisting document u'chemreac.chemistry.ReactionSystem.nr'
None:None: WARNING: toctree contains reference to document u'util/physchem' that doesn't have a title: no link will be generated
None:None: WARNING: toctree contains reference to nonexisting document u'chemreac.chemistry.ReactionSystem.k'
None:None: WARNING: toctree contains reference to nonexisting document u'chemreac.chemistry.ReactionSystem.ns'
None:None: WARNING: toctree contains reference to nonexisting document u'chemreac.chemistry.ReactionSystem.nr'
None:None: WARNING: toctree contains reference to document u'util/physchem' that doesn't have a title: no link will be generated
None:None: WARNING: toctree contains reference to nonexisting document u'chemreac.chemistry.ReactionSystem.k'
None:None: WARNING: toctree contains reference to nonexisting document u'chemreac.chemistry.ReactionSystem.ns'
None:None: WARNING: toctree contains reference to nonexisting document u'chemreac.chemistry.ReactionSystem.nr'
None:None: WARNING: toctree contains reference to document u'util/physchem' that doesn't have a title: no link will be generated
None:None: WARNING: toctree contains reference to nonexisting document u'chemreac.chemistry.ReactionSystem.k'
None:None: WARNING: toctree contains reference to nonexisting document u'chemreac.chemistry.ReactionSystem.ns'
None:None: WARNING: toctree contains reference to nonexisting document u'chemreac.chemistry.ReactionSystem.nr'
None:None: WARNING: toctree contains reference to document u'util/physchem' that doesn't have a title: no link will be generated
None:None: WARNING: toctree contains reference to nonexisting document u'chemreac.chemistry.ReactionSystem.k'
None:None: WARNING: toctree contains reference to nonexisting document u'chemreac.chemistry.ReactionSystem.ns'
None:None: WARNING: toctree contains reference to nonexisting document u'chemreac.chemistry.ReactionSystem.nr'
None:None: WARNING: toctree contains reference to document u'util/physchem' that doesn't have a title: no link will be generated
None:None: WARNING: toctree contains reference to nonexisting document u'chemreac.chemistry.ReactionSystem.k'
None:None: WARNING: toctree contains reference to nonexisting document u'chemreac.chemistry.ReactionSystem.ns'
None:None: WARNING: toctree contains reference to nonexisting document u'chemreac.chemistry.ReactionSystem.nr'
None:None: WARNING: toctree contains reference to document u'util/physchem' that doesn't have a title: no link will be generated
None:None: WARNING: toctree contains reference to nonexisting document u'chemreac.chemistry.ReactionSystem.k'
None:None: WARNING: toctree contains reference to nonexisting document u'chemreac.chemistry.ReactionSystem.ns'
None:None: WARNING: toctree contains reference to nonexisting document u'chemreac.chemistry.ReactionSystem.nr'
None:None: WARNING: toctree contains reference to document u'util/physchem' that doesn't have a title: no link will be generated
None:None: WARNING: toctree contains reference to nonexisting document u'chemreac.chemistry.ReactionSystem.k'
None:None: WARNING: toctree contains reference to nonexisting document u'chemreac.chemistry.ReactionSystem.ns'
None:None: WARNING: toctree contains reference to nonexisting document u'chemreac.chemistry.ReactionSystem.nr'
None:None: WARNING: toctree contains reference to document u'util/physchem' that doesn't have a title: no link will be generated
None:None: WARNING: toctree contains reference to nonexisting document u'chemreac.chemistry.ReactionSystem.k'
None:None: WARNING: toctree contains reference to nonexisting document u'chemreac.chemistry.ReactionSystem.ns'
None:None: WARNING: toctree contains reference to nonexisting document u'chemreac.chemistry.ReactionSystem.nr'
None:None: WARNING: toctree contains reference to document u'util/physchem' that doesn't have a title: no link will be generated
None:None: WARNING: toctree contains reference to nonexisting document u'chemreac.chemistry.ReactionSystem.k'
None:None: WARNING: toctree contains reference to nonexisting document u'chemreac.chemistry.ReactionSystem.ns'
None:None: WARNING: toctree contains reference to nonexisting document u'chemreac.chemistry.ReactionSystem.nr'
None:None: WARNING: toctree contains reference to document u'util/physchem' that doesn't have a title: no link will be generated
None:None: WARNING: toctree contains reference to nonexisting document u'chemreac.chemistry.ReactionSystem.k'
None:None: WARNING: toctree contains reference to nonexisting document u'chemreac.chemistry.ReactionSystem.ns'
None:None: WARNING: toctree contains reference to nonexisting document u'chemreac.chemistry.ReactionSystem.nr'
None:None: WARNING: toctree contains reference to document u'util/physchem' that doesn't have a title: no link will be generated
None:None: WARNING: toctree contains reference to nonexisting document u'chemreac.chemistry.ReactionSystem.k'
None:None: WARNING: toctree contains reference to nonexisting document u'chemreac.chemistry.ReactionSystem.ns'
None:None: WARNING: toctree contains reference to nonexisting document u'chemreac.chemistry.ReactionSystem.nr'
None:None: WARNING: toctree contains reference to document u'util/physchem' that doesn't have a title: no link will be generated
None:None: WARNING: toctree contains reference to nonexisting document u'chemreac.chemistry.ReactionSystem.k'
None:None: WARNING: toctree contains reference to nonexisting document u'chemreac.chemistry.ReactionSystem.ns'
None:None: WARNING: toctree contains reference to nonexisting document u'chemreac.chemistry.ReactionSystem.nr'
None:None: WARNING: toctree contains reference to document u'util/physchem' that doesn't have a title: no link will be generated
None:None: WARNING: toctree contains reference to nonexisting document u'chemreac.chemistry.ReactionSystem.k'
None:None: WARNING: toctree contains reference to nonexisting document u'chemreac.chemistry.ReactionSystem.ns'
None:None: WARNING: toctree contains reference to nonexisting document u'chemreac.chemistry.ReactionSystem.nr'
None:None: WARNING: toctree contains reference to document u'util/physchem' that doesn't have a title: no link will be generated
/home/travis/build/chemreac/chemreac/docs/util/index.rst:5: WARNING: toctree contains reference to document u'util/physchem' that doesn't have a title: no link will be generated
None:None: WARNING: toctree contains reference to nonexisting document u'chemreac.chemistry.ReactionSystem.k'
None:None: WARNING: toctree contains reference to nonexisting document u'chemreac.chemistry.ReactionSystem.ns'
None:None: WARNING: toctree contains reference to nonexisting document u'chemreac.chemistry.ReactionSystem.nr'
None:None: WARNING: toctree contains reference to document u'util/physchem' that doesn't have a title: no link will be generated
None:None: WARNING: toctree contains reference to nonexisting document u'chemreac.chemistry.ReactionSystem.k'
None:None: WARNING: toctree contains reference to nonexisting document u'chemreac.chemistry.ReactionSystem.ns'
None:None: WARNING: toctree contains reference to nonexisting document u'chemreac.chemistry.ReactionSystem.nr'
None:None: WARNING: toctree contains reference to document u'util/physchem' that doesn't have a title: no link will be generated
None:None: WARNING: toctree contains reference to nonexisting document u'chemreac.chemistry.ReactionSystem.k'
None:None: WARNING: toctree contains reference to nonexisting document u'chemreac.chemistry.ReactionSystem.ns'
None:None: WARNING: toctree contains reference to nonexisting document u'chemreac.chemistry.ReactionSystem.nr'
None:None: WARNING: toctree contains reference to document u'util/physchem' that doesn't have a title: no link will be generated
None:None: WARNING: toctree contains reference to nonexisting document u'chemreac.chemistry.ReactionSystem.k'
None:None: WARNING: toctree contains reference to nonexisting document u'chemreac.chemistry.ReactionSystem.ns'
None:None: WARNING: toctree contains reference to nonexisting document u'chemreac.chemistry.ReactionSystem.nr'
None:None: WARNING: toctree contains reference to document u'util/physchem' that doesn't have a title: no link will be generated
None:None: WARNING: toctree contains reference to nonexisting document u'chemreac.chemistry.ReactionSystem.k'
None:None: WARNING: toctree contains reference to nonexisting document u'chemreac.chemistry.ReactionSystem.ns'
None:None: WARNING: toctree contains reference to nonexisting document u'chemreac.chemistry.ReactionSystem.nr'
None:None: WARNING: toctree contains reference to document u'util/physchem' that doesn't have a title: no link will be generated
None:None: WARNING: toctree contains reference to nonexisting document u'chemreac.chemistry.ReactionSystem.k'
None:None: WARNING: toctree contains reference to nonexisting document u'chemreac.chemistry.ReactionSystem.ns'
None:None: WARNING: toctree contains reference to nonexisting document u'chemreac.chemistry.ReactionSystem.nr'
None:None: WARNING: toctree contains reference to document u'util/physchem' that doesn't have a title: no link will be generated
None:None: WARNING: toctree contains reference to nonexisting document u'chemreac.chemistry.ReactionSystem.k'
None:None: WARNING: toctree contains reference to nonexisting document u'chemreac.chemistry.ReactionSystem.ns'
None:None: WARNING: toctree contains reference to nonexisting document u'chemreac.chemistry.ReactionSystem.nr'
None:None: WARNING: toctree contains reference to document u'util/physchem' that doesn't have a title: no link will be generated
None:None: WARNING: toctree contains reference to nonexisting document u'chemreac.chemistry.ReactionSystem.k'
None:None: WARNING: toctree contains reference to nonexisting document u'chemreac.chemistry.ReactionSystem.ns'
None:None: WARNING: toctree contains reference to nonexisting document u'chemreac.chemistry.ReactionSystem.nr'
None:None: WARNING: toctree contains reference to document u'util/physchem' that doesn't have a title: no link will be generated
None:None: WARNING: toctree contains reference to nonexisting document u'chemreac.chemistry.ReactionSystem.k'
None:None: WARNING: toctree contains reference to nonexisting document u'chemreac.chemistry.ReactionSystem.ns'
None:None: WARNING: toctree contains reference to nonexisting document u'chemreac.chemistry.ReactionSystem.nr'
None:None: WARNING: toctree contains reference to document u'util/physchem' that doesn't have a title: no link will be generated
None:None: WARNING: toctree contains reference to nonexisting document u'chemreac.chemistry.ReactionSystem.k'
None:None: WARNING: toctree contains reference to nonexisting document u'chemreac.chemistry.ReactionSystem.ns'
None:None: WARNING: toctree contains reference to nonexisting document u'chemreac.chemistry.ReactionSystem.nr'
None:None: WARNING: toctree contains reference to document u'util/physchem' that doesn't have a title: no link will be generated
None:None: WARNING: toctree contains reference to nonexisting document u'chemreac.chemistry.ReactionSystem.k'
None:None: WARNING: toctree contains reference to nonexisting document u'chemreac.chemistry.ReactionSystem.ns'
None:None: WARNING: toctree contains reference to nonexisting document u'chemreac.chemistry.ReactionSystem.nr'
None:None: WARNING: toctree contains reference to document u'util/physchem' that doesn't have a title: no link will be generated
None:None: WARNING: toctree contains reference to nonexisting document u'chemreac.chemistry.ReactionSystem.k'
None:None: WARNING: toctree contains reference to nonexisting document u'chemreac.chemistry.ReactionSystem.ns'
None:None: WARNING: toctree contains reference to nonexisting document u'chemreac.chemistry.ReactionSystem.nr'
None:None: WARNING: toctree contains reference to document u'util/physchem' that doesn't have a title: no link will be generated
None:None: WARNING: toctree contains reference to nonexisting document u'chemreac.chemistry.ReactionSystem.k'
None:None: WARNING: toctree contains reference to nonexisting document u'chemreac.chemistry.ReactionSystem.ns'
None:None: WARNING: toctree contains reference to nonexisting document u'chemreac.chemistry.ReactionSystem.nr'
None:None: WARNING: toctree contains reference to document u'util/physchem' that doesn't have a title: no link will be generated
None:None: WARNING: toctree contains reference to nonexisting document u'chemreac.chemistry.ReactionSystem.k'
None:None: WARNING: toctree contains reference to nonexisting document u'chemreac.chemistry.ReactionSystem.ns'
None:None: WARNING: toctree contains reference to nonexisting document u'chemreac.chemistry.ReactionSystem.nr'
None:None: WARNING: toctree contains reference to document u'util/physchem' that doesn't have a title: no link will be generated
None:None: WARNING: toctree contains reference to nonexisting document u'chemreac.chemistry.ReactionSystem.k'
None:None: WARNING: toctree contains reference to nonexisting document u'chemreac.chemistry.ReactionSystem.ns'
None:None: WARNING: toctree contains reference to nonexisting document u'chemreac.chemistry.ReactionSystem.nr'
None:None: WARNING: toctree contains reference to document u'util/physchem' that doesn't have a title: no link will be generated
None:None: WARNING: toctree contains reference to nonexisting document u'chemreac.chemistry.ReactionSystem.k'
None:None: WARNING: toctree contains reference to nonexisting document u'chemreac.chemistry.ReactionSystem.ns'
None:None: WARNING: toctree contains reference to nonexisting document u'chemreac.chemistry.ReactionSystem.nr'
None:None: WARNING: toctree contains reference to document u'util/physchem' that doesn't have a title: no link will be generated
None:None: WARNING: toctree contains reference to nonexisting document u'chemreac.chemistry.ReactionSystem.k'
None:None: WARNING: toctree contains reference to nonexisting document u'chemreac.chemistry.ReactionSystem.ns'
None:None: WARNING: toctree contains reference to nonexisting document u'chemreac.chemistry.ReactionSystem.nr'
None:None: WARNING: toctree contains reference to document u'util/physchem' that doesn't have a title: no link will be generated
None:None: WARNING: toctree contains reference to nonexisting document u'chemreac.chemistry.ReactionSystem.k'
None:None: WARNING: toctree contains reference to nonexisting document u'chemreac.chemistry.ReactionSystem.ns'
None:None: WARNING: toctree contains reference to nonexisting document u'chemreac.chemistry.ReactionSystem.nr'
None:None: WARNING: toctree contains reference to document u'util/physchem' that doesn't have a title: no link will be generated
None:None: WARNING: toctree contains reference to nonexisting document u'chemreac.chemistry.ReactionSystem.k'
None:None: WARNING: toctree contains reference to nonexisting document u'chemreac.chemistry.ReactionSystem.ns'
None:None: WARNING: toctree contains reference to nonexisting document u'chemreac.chemistry.ReactionSystem.nr'
None:None: WARNING: toctree contains reference to document u'util/physchem' that doesn't have a title: no link will be generated
None:None: WARNING: toctree contains reference to nonexisting document u'chemreac.chemistry.ReactionSystem.k'
None:None: WARNING: toctree contains reference to nonexisting document u'chemreac.chemistry.ReactionSystem.ns'
None:None: WARNING: toctree contains reference to nonexisting document u'chemreac.chemistry.ReactionSystem.nr'
None:None: WARNING: toctree contains reference to document u'util/physchem' that doesn't have a title: no link will be generated
None:None: WARNING: toctree contains reference to nonexisting document u'chemreac.chemistry.ReactionSystem.k'
None:None: WARNING: toctree contains reference to nonexisting document u'chemreac.chemistry.ReactionSystem.ns'
None:None: WARNING: toctree contains reference to nonexisting document u'chemreac.chemistry.ReactionSystem.nr'
None:None: WARNING: toctree contains reference to document u'util/physchem' that doesn't have a title: no link will be generated
None:None: WARNING: toctree contains reference to nonexisting document u'chemreac.chemistry.ReactionSystem.k'
None:None: WARNING: toctree contains reference to nonexisting document u'chemreac.chemistry.ReactionSystem.ns'
None:None: WARNING: toctree contains reference to nonexisting document u'chemreac.chemistry.ReactionSystem.nr'
None:None: WARNING: toctree contains reference to document u'util/physchem' that doesn't have a title: no link will be generated
None:None: WARNING: toctree contains reference to nonexisting document u'chemreac.chemistry.ReactionSystem.k'
None:None: WARNING: toctree contains reference to nonexisting document u'chemreac.chemistry.ReactionSystem.ns'
None:None: WARNING: toctree contains reference to nonexisting document u'chemreac.chemistry.ReactionSystem.nr'
None:None: WARNING: toctree contains reference to document u'util/physchem' that doesn't have a title: no link will be generated
None:None: WARNING: toctree contains reference to nonexisting document u'chemreac.chemistry.ReactionSystem.k'
None:None: WARNING: toctree contains reference to nonexisting document u'chemreac.chemistry.ReactionSystem.ns'
None:None: WARNING: toctree contains reference to nonexisting document u'chemreac.chemistry.ReactionSystem.nr'
None:None: WARNING: toctree contains reference to document u'util/physchem' that doesn't have a title: no link will be generated
None:None: WARNING: toctree contains reference to nonexisting document u'chemreac.chemistry.ReactionSystem.k'
None:None: WARNING: toctree contains reference to nonexisting document u'chemreac.chemistry.ReactionSystem.ns'
None:None: WARNING: toctree contains reference to nonexisting document u'chemreac.chemistry.ReactionSystem.nr'
None:None: WARNING: toctree contains reference to document u'util/physchem' that doesn't have a title: no link will be generated
None:None: WARNING: toctree contains reference to nonexisting document u'chemreac.chemistry.ReactionSystem.k'
None:None: WARNING: toctree contains reference to nonexisting document u'chemreac.chemistry.ReactionSystem.ns'
None:None: WARNING: toctree contains reference to nonexisting document u'chemreac.chemistry.ReactionSystem.nr'
None:None: WARNING: toctree contains reference to document u'util/physchem' that doesn't have a title: no link will be generated
None:None: WARNING: toctree contains reference to nonexisting document u'chemreac.chemistry.ReactionSystem.k'
None:None: WARNING: toctree contains reference to nonexisting document u'chemreac.chemistry.ReactionSystem.ns'
None:None: WARNING: toctree contains reference to nonexisting document u'chemreac.chemistry.ReactionSystem.nr'
None:None: WARNING: toctree contains reference to document u'util/physchem' that doesn't have a title: no link will be generated
None:None: WARNING: toctree contains reference to nonexisting document u'chemreac.chemistry.ReactionSystem.k'
None:None: WARNING: toctree contains reference to nonexisting document u'chemreac.chemistry.ReactionSystem.ns'
None:None: WARNING: toctree contains reference to nonexisting document u'chemreac.chemistry.ReactionSystem.nr'
None:None: WARNING: toctree contains reference to document u'util/physchem' that doesn't have a title: no link will be generated
None:None: WARNING: toctree contains reference to nonexisting document u'chemreac.chemistry.ReactionSystem.k'
None:None: WARNING: toctree contains reference to nonexisting document u'chemreac.chemistry.ReactionSystem.ns'
None:None: WARNING: toctree contains reference to nonexisting document u'chemreac.chemistry.ReactionSystem.nr'
None:None: WARNING: toctree contains reference to document u'util/physchem' that doesn't have a title: no link will be generated
None:None: WARNING: toctree contains reference to nonexisting document u'chemreac.chemistry.ReactionSystem.k'
None:None: WARNING: toctree contains reference to nonexisting document u'chemreac.chemistry.ReactionSystem.ns'
None:None: WARNING: toctree contains reference to nonexisting document u'chemreac.chemistry.ReactionSystem.nr'
None:None: WARNING: toctree contains reference to document u'util/physchem' that doesn't have a title: no link will be generated
None:None: WARNING: toctree contains reference to nonexisting document u'chemreac.chemistry.ReactionSystem.k'
None:None: WARNING: toctree contains reference to nonexisting document u'chemreac.chemistry.ReactionSystem.ns'
None:None: WARNING: toctree contains reference to nonexisting document u'chemreac.chemistry.ReactionSystem.nr'
None:None: WARNING: toctree contains reference to document u'util/physchem' that doesn't have a title: no link will be generated
None:None: WARNING: toctree contains reference to nonexisting document u'chemreac.chemistry.ReactionSystem.k'
None:None: WARNING: toctree contains reference to nonexisting document u'chemreac.chemistry.ReactionSystem.ns'
None:None: WARNING: toctree contains reference to nonexisting document u'chemreac.chemistry.ReactionSystem.nr'
None:None: WARNING: toctree contains reference to document u'util/physchem' that doesn't have a title: no link will be generated
